#
# There is insufficient memory for the Java Runtime Environment to continue.
# Native memory allocation (malloc) failed to allocate 131088 bytes for Chunk::new
# Possible reasons:
#   The system is out of physical RAM or swap space
#   In 32 bit mode, the process size limit was hit
# Possible solutions:
#   Reduce memory load on the system
#   Increase physical memory or swap space
#   Check if swap backing store is full
#   Use 64 bit Java on a 64 bit OS
#   Decrease Java heap size (-Xmx/-Xms)
#   Decrease number of Java threads
#   Decrease Java thread stack sizes (-Xss)
#   Set larger code cache with -XX:ReservedCodeCacheSize=
# This output file may be truncated or incomplete.
#
#  Out of Memory Error (allocation.cpp:390), pid=43628, tid=44904
#
# JRE version: Java(TM) SE Runtime Environment (8.0_72-b15) (build 1.8.0_72-b15)
# Java VM: Java HotSpot(TM) 64-Bit Server VM (25.72-b15 mixed mode windows-amd64 compressed oops)
# Failed to write core dump. Minidumps are not enabled by default on client versions of Windows
#

---------------  T H R E A D  ---------------

Current thread (0x000000001739f800):  JavaThread "C2 CompilerThread0" daemon [_thread_in_native, id=44904, stack(0x00000000189c0000,0x0000000018ac0000)]

Stack: [0x00000000189c0000,0x0000000018ac0000]
[error occurred during error reporting (printing stack bounds), id 0xc0000005]

Native frames: (J=compiled Java code, j=interpreted, Vv=VM code, C=native code)


Current CompileTask:
C2:  16369 5845   !   4       com.sun.xml.internal.bind.v2.bytecode.ClassTailor::tailor (381 bytes)


---------------  P R O C E S S  ---------------

Java Threads: ( => current thread )
  0x000000001c717000 JavaThread "HikariPool-1 connection adder" daemon [_thread_blocked, id=42660, stack(0x0000000021b60000,0x0000000021c60000)]
  0x000000001c71b800 JavaThread "HikariPool-1 housekeeper" daemon [_thread_blocked, id=52016, stack(0x00000000216a0000,0x00000000217a0000)]
  0x000000001c71a000 JavaThread "MVStore background writer nio:C:/Users/mashraf/test.mv.db" daemon [_thread_blocked, id=54632, stack(0x0000000021860000,0x0000000021960000)]
  0x000000001c71b000 JavaThread "container-0" [_thread_blocked, id=52268, stack(0x000000001f4f0000,0x000000001f5f0000)]
  0x000000001c718800 JavaThread "ContainerBackgroundProcessor[StandardEngine[Tomcat]]" daemon [_thread_blocked, id=54804, stack(0x000000001e0b0000,0x000000001e1b0000)]
  0x000000001c717800 JavaThread "SimplePauseDetectorThread_0" daemon [_thread_blocked, id=55672, stack(0x000000001cf80000,0x000000001d080000)]
  0x000000001c716000 JavaThread "Thread-5" daemon [_thread_blocked, id=56052, stack(0x000000001ad70000,0x000000001ae70000)]
  0x0000000019a7c000 JavaThread "restartedMain" [_thread_in_Java, id=54664, stack(0x000000001ac70000,0x000000001ad70000)]
  0x0000000019a7b000 JavaThread "Thread-0" [_thread_blocked, id=56864, stack(0x000000001ab70000,0x000000001ac70000)]
  0x0000000018c3b800 JavaThread "Service Thread" daemon [_thread_blocked, id=57288, stack(0x00000000190c0000,0x00000000191c0000)]
  0x0000000018bc1800 JavaThread "C1 CompilerThread2" daemon [_thread_blocked, id=11932, stack(0x0000000018fc0000,0x00000000190c0000)]
  0x00000000173a2800 JavaThread "C2 CompilerThread1" daemon [_thread_blocked, id=56860, stack(0x0000000018ac0000,0x0000000018bc0000)]
=>0x000000001739f800 JavaThread "C2 CompilerThread0" daemon [_thread_in_native, id=44904, stack(0x00000000189c0000,0x0000000018ac0000)]
  0x00000000173ee800 JavaThread "Attach Listener" daemon [_thread_blocked, id=56692, stack(0x00000000188c0000,0x00000000189c0000)]
  0x00000000173ed800 JavaThread "Signal Dispatcher" daemon [_thread_blocked, id=54808, stack(0x00000000187c0000,0x00000000188c0000)]
  0x0000000017380000 JavaThread "Finalizer" daemon [_thread_blocked, id=47768, stack(0x00000000185e0000,0x00000000186e0000)]
  0x00000000029c7000 JavaThread "Reference Handler" daemon [_thread_blocked, id=54328, stack(0x00000000184e0000,0x00000000185e0000)]
  0x00000000028d9000 JavaThread "main" [_thread_blocked, id=56576, stack(0x0000000001070000,0x0000000001170000)]

Other Threads:
  0x0000000017357800 VMThread [stack: 0x00000000183e0000,0x00000000184e0000] [id=56572]
  0x0000000018cdd800 WatcherThread [stack: 0x00000000191c0000,0x00000000192c0000] [id=10856]

VM state:not at safepoint (normal execution)

VM Mutex/Monitor currently owned by a thread: None

Heap:
 PSYoungGen      total 228864K, used 11189K [0x00000000d6f80000, 0x00000000e7180000, 0x0000000100000000)
  eden space 219136K, 5% used [0x00000000d6f80000,0x00000000d7a6d5d0,0x00000000e4580000)
  from space 9728K, 0% used [0x00000000e6800000,0x00000000e6800000,0x00000000e7180000)
  to   space 16896K, 0% used [0x00000000e5080000,0x00000000e5080000,0x00000000e6100000)
 ParOldGen       total 124416K, used 32141K [0x0000000084e00000, 0x000000008c780000, 0x00000000d6f80000)
  object space 124416K, 25% used [0x0000000084e00000,0x0000000086d63700,0x000000008c780000)
 Metaspace       used 57408K, capacity 59490K, committed 59816K, reserved 1101824K
  class space    used 7861K, capacity 8258K, committed 8360K, reserved 1048576K

Card table byte_map: [0x0000000011e00000,0x00000000121e0000] byte_map_base: 0x00000000119d9000

Marking Bits: (ParMarkBitMap*) 0x0000000057f00600
 Begin Bits: [0x0000000012880000, 0x0000000014748000)
 End Bits:   [0x0000000014748000, 0x0000000016610000)

Polling page: 0x0000000000dc0000

CodeCache: size=245760Kb used=20045Kb max_used=20104Kb free=225714Kb
 bounds [0x0000000002a40000, 0x0000000003e00000, 0x0000000011a40000]
 total_blobs=5658 nmethods=5126 adapters=444
 compilation: enabled

Compilation events (10 events):
Event: 16.318 Thread 0x0000000018bc1800 nmethod 5844 0x0000000002ea5810 code [0x0000000002ea59a0, 0x0000000002ea5cb8]
Event: 16.326 Thread 0x000000001739f800 5845   !   4       com.sun.xml.internal.bind.v2.bytecode.ClassTailor::tailor (381 bytes)
Event: 16.329 Thread 0x0000000018bc1800 5846       3       java.util.concurrent.ConcurrentHashMap$BaseIterator::<init> (21 bytes)
Event: 16.329 Thread 0x0000000018bc1800 nmethod 5846 0x0000000002f0f350 code [0x0000000002f0f4c0, 0x0000000002f0f738]
Event: 16.329 Thread 0x0000000018bc1800 5847       3       java.util.concurrent.ConcurrentHashMap$Traverser::<init> (36 bytes)
Event: 16.329 Thread 0x0000000018bc1800 nmethod 5847 0x00000000033c8750 code [0x00000000033c88a0, 0x00000000033c8a90]
Event: 16.330 Thread 0x0000000018bc1800 5848       3       com.sun.xml.internal.bind.v2.runtime.JAXBContextImpl::getOrCreate (152 bytes)
Event: 16.331 Thread 0x0000000018bc1800 nmethod 5848 0x0000000003358fd0 code [0x0000000003359280, 0x000000000335a8b8]
Event: 16.331 Thread 0x0000000018bc1800 5849       3       com.sun.xml.internal.bind.v2.runtime.property.TagAndType::<init> (15 bytes)
Event: 16.331 Thread 0x0000000018bc1800 nmethod 5849 0x0000000003786250 code [0x00000000037863a0, 0x0000000003786570]

GC Heap History (10 events):
Event: 7.627 GC heap before
{Heap before GC invocations=11 (full 2):
 PSYoungGen      total 183808K, used 12124K [0x00000000d6f80000, 0x00000000e7880000, 0x0000000100000000)
  eden space 167936K, 0% used [0x00000000d6f80000,0x00000000d6f80000,0x00000000e1380000)
  from space 15872K, 76% used [0x00000000e1380000,0x00000000e1f57138,0x00000000e2300000)
  to   space 16896K, 0% used [0x00000000e6800000,0x00000000e6800000,0x00000000e7880000)
 ParOldGen       total 55296K, used 17233K [0x0000000084e00000, 0x0000000088400000, 0x00000000d6f80000)
  object space 55296K, 31% used [0x0000000084e00000,0x0000000085ed4498,0x0000000088400000)
 Metaspace       used 33849K, capacity 35484K, committed 35496K, reserved 1079296K
  class space    used 4430K, capacity 4767K, committed 4776K, reserved 1048576K
Event: 7.730 GC heap after
Heap after GC invocations=11 (full 2):
 PSYoungGen      total 183808K, used 0K [0x00000000d6f80000, 0x00000000e7880000, 0x0000000100000000)
  eden space 167936K, 0% used [0x00000000d6f80000,0x00000000d6f80000,0x00000000e1380000)
  from space 15872K, 0% used [0x00000000e1380000,0x00000000e1380000,0x00000000e2300000)
  to   space 16896K, 0% used [0x00000000e6800000,0x00000000e6800000,0x00000000e7880000)
 ParOldGen       total 82944K, used 18025K [0x0000000084e00000, 0x0000000089f00000, 0x00000000d6f80000)
  object space 82944K, 21% used [0x0000000084e00000,0x0000000085f9a600,0x0000000089f00000)
 Metaspace       used 33849K, capacity 35484K, committed 35496K, reserved 1079296K
  class space    used 4430K, capacity 4767K, committed 4776K, reserved 1048576K
}
Event: 9.911 GC heap before
{Heap before GC invocations=12 (full 2):
 PSYoungGen      total 183808K, used 167936K [0x00000000d6f80000, 0x00000000e7880000, 0x0000000100000000)
  eden space 167936K, 100% used [0x00000000d6f80000,0x00000000e1380000,0x00000000e1380000)
  from space 15872K, 0% used [0x00000000e1380000,0x00000000e1380000,0x00000000e2300000)
  to   space 16896K, 0% used [0x00000000e6800000,0x00000000e6800000,0x00000000e7880000)
 ParOldGen       total 82944K, used 18025K [0x0000000084e00000, 0x0000000089f00000, 0x00000000d6f80000)
  object space 82944K, 21% used [0x0000000084e00000,0x0000000085f9a600,0x0000000089f00000)
 Metaspace       used 38216K, capacity 40088K, committed 40232K, reserved 1083392K
  class space    used 4955K, capacity 5303K, committed 5416K, reserved 1048576K
Event: 9.921 GC heap after
Heap after GC invocations=12 (full 2):
 PSYoungGen      total 228864K, used 9509K [0x00000000d6f80000, 0x00000000e7180000, 0x0000000100000000)
  eden space 219136K, 0% used [0x00000000d6f80000,0x00000000d6f80000,0x00000000e4580000)
  from space 9728K, 97% used [0x00000000e6800000,0x00000000e7149690,0x00000000e7180000)
  to   space 16896K, 0% used [0x00000000e5080000,0x00000000e5080000,0x00000000e6100000)
 ParOldGen       total 82944K, used 18033K [0x0000000084e00000, 0x0000000089f00000, 0x00000000d6f80000)
  object space 82944K, 21% used [0x0000000084e00000,0x0000000085f9c600,0x0000000089f00000)
 Metaspace       used 38216K, capacity 40088K, committed 40232K, reserved 1083392K
  class space    used 4955K, capacity 5303K, committed 5416K, reserved 1048576K
}
Event: 15.209 GC heap before
{Heap before GC invocations=13 (full 2):
 PSYoungGen      total 228864K, used 228645K [0x00000000d6f80000, 0x00000000e7180000, 0x0000000100000000)
  eden space 219136K, 100% used [0x00000000d6f80000,0x00000000e4580000,0x00000000e4580000)
  from space 9728K, 97% used [0x00000000e6800000,0x00000000e7149690,0x00000000e7180000)
  to   space 16896K, 0% used [0x00000000e5080000,0x00000000e5080000,0x00000000e6100000)
 ParOldGen       total 82944K, used 18033K [0x0000000084e00000, 0x0000000089f00000, 0x00000000d6f80000)
  object space 82944K, 21% used [0x0000000084e00000,0x0000000085f9c600,0x0000000089f00000)
 Metaspace       used 55818K, capacity 57866K, committed 58280K, reserved 1099776K
  class space    used 7399K, capacity 7796K, committed 7848K, reserved 1048576K
Event: 15.239 GC heap after
Heap after GC invocations=13 (full 2):
 PSYoungGen      total 236032K, used 16867K [0x00000000d6f80000, 0x00000000e7180000, 0x0000000100000000)
  eden space 219136K, 0% used [0x00000000d6f80000,0x00000000d6f80000,0x00000000e4580000)
  from space 16896K, 99% used [0x00000000e5080000,0x00000000e60f8f20,0x00000000e6100000)
  to   space 9728K, 0% used [0x00000000e6800000,0x00000000e6800000,0x00000000e7180000)
 ParOldGen       total 82944K, used 26578K [0x0000000084e00000, 0x0000000089f00000, 0x00000000d6f80000)
  object space 82944K, 32% used [0x0000000084e00000,0x00000000867f4a58,0x0000000089f00000)
 Metaspace       used 55818K, capacity 57866K, committed 58280K, reserved 1099776K
  class space    used 7399K, capacity 7796K, committed 7848K, reserved 1048576K
}
Event: 15.798 GC heap before
{Heap before GC invocations=14 (full 2):
 PSYoungGen      total 236032K, used 38470K [0x00000000d6f80000, 0x00000000e7180000, 0x0000000100000000)
  eden space 219136K, 9% used [0x00000000d6f80000,0x00000000d84989d8,0x00000000e4580000)
  from space 16896K, 99% used [0x00000000e5080000,0x00000000e60f8f20,0x00000000e6100000)
  to   space 9728K, 0% used [0x00000000e6800000,0x00000000e6800000,0x00000000e7180000)
 ParOldGen       total 82944K, used 26578K [0x0000000084e00000, 0x0000000089f00000, 0x00000000d6f80000)
  object space 82944K, 32% used [0x0000000084e00000,0x00000000867f4a58,0x0000000089f00000)
 Metaspace       used 56993K, capacity 59068K, committed 59160K, reserved 1099776K
  class space    used 7698K, capacity 8097K, committed 8104K, reserved 1048576K
Event: 15.813 GC heap after
Heap after GC invocations=14 (full 2):
 PSYoungGen      total 228864K, used 896K [0x00000000d6f80000, 0x00000000e7180000, 0x0000000100000000)
  eden space 219136K, 0% used [0x00000000d6f80000,0x00000000d6f80000,0x00000000e4580000)
  from space 9728K, 9% used [0x00000000e6800000,0x00000000e68e0000,0x00000000e7180000)
  to   space 16896K, 0% used [0x00000000e5080000,0x00000000e5080000,0x00000000e6100000)
 ParOldGen       total 82944K, used 40911K [0x0000000084e00000, 0x0000000089f00000, 0x00000000d6f80000)
  object space 82944K, 49% used [0x0000000084e00000,0x00000000875f3e90,0x0000000089f00000)
 Metaspace       used 56993K, capacity 59068K, committed 59160K, reserved 1099776K
  class space    used 7698K, capacity 8097K, committed 8104K, reserved 1048576K
}
Event: 15.813 GC heap before
{Heap before GC invocations=15 (full 3):
 PSYoungGen      total 228864K, used 896K [0x00000000d6f80000, 0x00000000e7180000, 0x0000000100000000)
  eden space 219136K, 0% used [0x00000000d6f80000,0x00000000d6f80000,0x00000000e4580000)
  from space 9728K, 9% used [0x00000000e6800000,0x00000000e68e0000,0x00000000e7180000)
  to   space 16896K, 0% used [0x00000000e5080000,0x00000000e5080000,0x00000000e6100000)
 ParOldGen       total 82944K, used 40911K [0x0000000084e00000, 0x0000000089f00000, 0x00000000d6f80000)
  object space 82944K, 49% used [0x0000000084e00000,0x00000000875f3e90,0x0000000089f00000)
 Metaspace       used 56993K, capacity 59068K, committed 59160K, reserved 1099776K
  class space    used 7698K, capacity 8097K, committed 8104K, reserved 1048576K
Event: 16.101 GC heap after
Heap after GC invocations=15 (full 3):
 PSYoungGen      total 228864K, used 0K [0x00000000d6f80000, 0x00000000e7180000, 0x0000000100000000)
  eden space 219136K, 0% used [0x00000000d6f80000,0x00000000d6f80000,0x00000000e4580000)
  from space 9728K, 0% used [0x00000000e6800000,0x00000000e6800000,0x00000000e7180000)
  to   space 16896K, 0% used [0x00000000e5080000,0x00000000e5080000,0x00000000e6100000)
 ParOldGen       total 124416K, used 32141K [0x0000000084e00000, 0x000000008c780000, 0x00000000d6f80000)
  object space 124416K, 25% used [0x0000000084e00000,0x0000000086d63700,0x000000008c780000)
 Metaspace       used 56993K, capacity 59068K, committed 59160K, reserved 1099776K
  class space    used 7698K, capacity 8097K, committed 8104K, reserved 1048576K
}

Deoptimization events (10 events):
Event: 15.300 Thread 0x0000000019a7c000 Uncommon trap: reason=unstable_if action=reinterpret pc=0x0000000003d11e98 method=java.lang.reflect.Constructor.newInstance([Ljava/lang/Object;)Ljava/lang/Object; @ 18
Event: 15.307 Thread 0x0000000019a7c000 Uncommon trap: reason=class_check action=maybe_recompile pc=0x0000000003868900 method=java.io.DataInputStream.readUnsignedShort()I @ 4
Event: 15.307 Thread 0x0000000019a7c000 Uncommon trap: reason=class_check action=maybe_recompile pc=0x0000000003868900 method=java.io.DataInputStream.readUnsignedShort()I @ 4
Event: 15.307 Thread 0x0000000019a7c000 Uncommon trap: reason=class_check action=maybe_recompile pc=0x0000000003868900 method=java.io.DataInputStream.readUnsignedShort()I @ 4
Event: 15.307 Thread 0x0000000019a7c000 Uncommon trap: reason=class_check action=maybe_recompile pc=0x0000000003868900 method=java.io.DataInputStream.readUnsignedShort()I @ 4
Event: 15.307 Thread 0x0000000019a7c000 Uncommon trap: reason=class_check action=maybe_recompile pc=0x0000000003124d60 method=java.io.DataInputStream.readUnsignedShort()I @ 4
Event: 15.308 Thread 0x0000000019a7c000 Uncommon trap: reason=unstable_if action=reinterpret pc=0x0000000002f138ec method=java.lang.ClassLoader.preDefineClass(Ljava/lang/String;Ljava/security/ProtectionDomain;)Ljava/security/ProtectionDomain; @ 86
Event: 16.102 Thread 0x0000000018c3b800 Uncommon trap: reason=speculate_class_check action=maybe_recompile pc=0x0000000002da6e58 method=java.util.AbstractList.listIterator()Ljava/util/ListIterator; @ 2
Event: 16.102 Thread 0x0000000018c3b800 Uncommon trap: reason=speculate_class_check action=maybe_recompile pc=0x0000000002da6e58 method=java.util.AbstractList.listIterator()Ljava/util/ListIterator; @ 2
Event: 16.102 Thread 0x0000000018c3b800 Uncommon trap: reason=speculate_class_check action=maybe_recompile pc=0x0000000002da6e58 method=java.util.AbstractList.listIterator()Ljava/util/ListIterator; @ 2

Internal exceptions (10 events):
Event: 12.348 Thread 0x0000000019a7c000 Exception <a 'java/lang/ClassNotFoundException': org/springframework/beans/factory/AwareCustomizer> (0x00000000dded9c50) thrown at [C:\re\workspace\8-2-build-windows-amd64-cygwin\jdk8u72\5732\hotspot\src\share\vm\classfile\systemDictionary.cpp, line 210]
Event: 12.349 Thread 0x0000000019a7c000 Exception <a 'java/lang/ClassNotFoundException': org/springframework/beans/factory/BeanNameAwareCustomizer> (0x00000000ddef2388) thrown at [C:\re\workspace\8-2-build-windows-amd64-cygwin\jdk8u72\5732\hotspot\src\share\vm\classfile\systemDictionary.cpp, linn4U≥(@
Event: 12.350 Thread 0x0000000019a7c000 Exception <a 'java/lang/ClassNotFoundException': org/springframework/beans/factory/AwareCustomizer> (0x00000000ddf09590) thrown at [C:\re\workspace\8-2-build-windows-amd64-cygwin\jdk8u72\5732\hotspot\src\share\vm\classfile\systemDictionary.cpp, line 210]
Event: 12.351 Thread 0x0000000019a7c000 Exception <a 'java/lang/ClassNotFoundException': org/springframework/beans/factory/InitializingBeanCustomizer> (0x00000000ddf22e98) thrown at [C:\re\workspace\8-2-build-windows-amd64-cygwin\jdk8u72\5732\hotspot\src\share\vm\classfile\systemDictionary.cpp, ∫hApJ¥(@
Event: 12.352 Thread 0x0000000019a7c000 Exception <a 'java/lang/ClassNotFoundException': org/springframework/beans/factory/DisposableBeanCustomizer> (0x00000000ddf3be38) thrown at [C:\re\workspace\8-2-build-windows-amd64-cygwin\jdk8u72\5732\hotspot\src\share\vm\classfile\systemDictionary.cpp, liÄﬁ’¡¥(@
Event: 12.353 Thread 0x0000000019a7c000 Exception <a 'java/lang/ClassNotFoundException': org/springframework/orm/jpa/EntityManagerFactoryInfoCustomizer> (0x00000000ddf56970) thrown at [C:\re\workspace\8-2-build-windows-amd64-cygwin\jdk8u72\5732\hotspot\src\share\vm\classfile\systemDictionary.cpp≤ Hkµ(@
Event: 12.354 Thread 0x0000000019a7c000 Exception <a 'java/lang/ClassNotFoundException': org/springframework/dao/support/PersistenceExceptionTranslatorCustomizer> (0x00000000ddf806f0) thrown at [C:\re\workspace\8-2-build-windows-amd64-cygwin\jdk8u72\5732\hotspot\src\share\vm\classfile\systemDict;;QÅ)ﬁ-@
Event: 14.934 Thread 0x0000000019a7c000 Exception <a 'java/lang/ClassNotFoundException': com/sun/org/glassfish/hk2/osgiresourcelocator/ServiceLoader> (0x00000000e38d1030) thrown at [C:\re\workspace\8-2-build-windows-amd64-cygwin\jdk8u72\5732\hotspot\src\share\vm\classfile\systemDictionary.cpp, lÌp†ú·-@
Event: 14.941 Thread 0x0000000019a7c000 Exception <a 'java/lang/NullPointerException'> (0x00000000e38e1b90) thrown at [C:\re\workspace\8-2-build-windows-amd64-cygwin\jdk8u72\5732\hotspot\src\share\vm\interpreter\linkResolver.cpp, line 1280]
Event: 15.308 Thread 0x0000000019a7c000 Implicit null exception at 0x0000000002f12f96 to 0x0000000002f138dd

Events (10 events):
Event: 16.138 Thread 0x0000000018bc1800 flushing nmethod 0x00000000033d7450
Event: 16.138 Thread 0x0000000018bc1800 flushing nmethod 0x000000000344ad50
Event: 16.138 Thread 0x0000000018bc1800 flushing nmethod 0x000000000344b490
Event: 16.138 Thread 0x0000000018bc1800 flushing nmethod 0x00000000034647d0
Event: 16.139 Thread 0x0000000018bc1800 flushing nmethod 0x00000000035133d0
Event: 16.139 Thread 0x0000000018bc1800 flushing nmethod 0x0000000003515b10
Event: 16.161 Thread 0x0000000018bc1800 flushing nmethod 0x00000000036bad90
Event: 16.165 Thread 0x0000000018bc1800 flushing nmethod 0x0000000003786250
Event: 16.326 Thread 0x0000000019a7c000 DEOPT PACKING pc=0x0000000003da1b61 sp=0x000000001ad6af30
Event: 16.326 Thread 0x0000000019a7c000 DEOPT UNPACKING pc=0x0000000002a8787f sp=0x000000001ad6ad00 mode 0


Dynamic libraries:
0x00007ff60d790000 - 0x00007ff60d7c7000 	C:\Program Files\Java\jdk1.8.0_72\bin\javaw.exe
0x00007ffcf4e60000 - 0x00007ffcf5022000 	C:\WINDOWS\SYSTEM32\ntdll.dll
0x00007ffcf4b20000 - 0x00007ffcf4bcd000 	C:\WINDOWS\system32\KERNEL32.DLL
0x00007ffcf21d0000 - 0x00007ffcf23ad000 	C:\WINDOWS\system32\KERNELBASE.dll
0x000000005a670000 - 0x000000005a705000 	C:\WINDOWS\System32\SYSFER.DLL
0x00007ffcf2860000 - 0x00007ffcf2906000 	C:\WINDOWS\system32\ADVAPI32.dll
0x00007ffcf2520000 - 0x00007ffcf25bd000 	C:\WINDOWS\system32\msvcrt.dll
0x00007ffcf2b90000 - 0x00007ffcf2beb000 	C:\WINDOWS\system32\sechost.dll
0x00007ffcf2bf0000 - 0x00007ffcf2d16000 	C:\WINDOWS\system32\RPCRT4.dll
0x00007ffcf2ec0000 - 0x00007ffcf300e000 	C:\WINDOWS\system32\USER32.dll
0x00007ffcf3250000 - 0x00007ffcf33d3000 	C:\WINDOWS\system32\GDI32.dll
0x00007ffce34a0000 - 0x00007ffce3714000 	C:\WINDOWS\WinSxS\amd64_microsoft.windows.common-controls_6595b64144ccf1df_6.0.10240.17184_none_f41d7a705752bce6\COMCTL32.dll
0x00007ffcf3080000 - 0x00007ffcf3088000 	C:\WINDOWS\system32\psapi.dll
0x00007ffcf2e70000 - 0x00007ffcf2ea6000 	C:\WINDOWS\system32\IMM32.DLL
0x00007ffcf30f0000 - 0x00007ffcf324c000 	C:\WINDOWS\system32\MSCTF.dll
0x0000000059830000 - 0x0000000059902000 	C:\Program Files\Java\jdk1.8.0_72\jre\bin\msvcr100.dll
0x00000000576f0000 - 0x0000000057f80000 	C:\Program Files\Java\jdk1.8.0_72\jre\bin\server\jvm.dll
0x00007ffcde5c0000 - 0x00007ffcde5c9000 	C:\WINDOWS\SYSTEM32\WSOCK32.dll
0x00007ffcf3010000 - 0x00007ffcf3079000 	C:\WINDOWS\system32\WS2_32.dll
0x00007ffcf2eb0000 - 0x00007ffcf2eb8000 	C:\WINDOWS\system32\NSI.dll
0x00007ffceff60000 - 0x00007ffceff83000 	C:\WINDOWS\SYSTEM32\WINMM.dll
0x00007ffce4bf0000 - 0x00007ffce4bfa000 	C:\WINDOWS\SYSTEM32\VERSION.dll
0x00007ffceff30000 - 0x00007ffceff5c000 	C:\WINDOWS\SYSTEM32\WINMMBASE.dll
0x00007ffcf2470000 - 0x00007ffcf24b4000 	C:\WINDOWS\system32\cfgmgr32.dll
0x00007ffcf0200000 - 0x00007ffcf0227000 	C:\WINDOWS\SYSTEM32\DEVOBJ.dll
0x0000000059820000 - 0x000000005982f000 	C:\Program Files\Java\jdk1.8.0_72\jre\bin\verify.dll
0x00000000596e0000 - 0x0000000059709000 	C:\Program Files\Java\jdk1.8.0_72\jre\bin\java.dll
0x00000000596c0000 - 0x00000000596d6000 	C:\Program Files\Java\jdk1.8.0_72\jre\bin\zip.dll
0x00007ffcf33e0000 - 0x00007ffcf4903000 	C:\WINDOWS\system32\SHELL32.dll
0x00007ffcf1920000 - 0x00007ffcf1f49000 	C:\WINDOWS\system32\windows.storage.dll
0x00007ffcf4be0000 - 0x00007ffcf4e5c000 	C:\WINDOWS\system32\combase.dll
0x00007ffcf49f0000 - 0x00007ffcf4a41000 	C:\WINDOWS\system32\shlwapi.dll
0x00007ffcf1910000 - 0x00007ffcf191f000 	C:\WINDOWS\system32\kernel.appcore.dll
0x00007ffcf23b0000 - 0x00007ffcf2463000 	C:\WINDOWS\system32\shcore.dll
0x00007ffcf18a0000 - 0x00007ffcf18ea000 	C:\WINDOWS\system32\powrprof.dll
0x00007ffcf1880000 - 0x00007ffcf1893000 	C:\WINDOWS\system32\profapi.dll
0x0000000059810000 - 0x000000005981d000 	C:\Program Files\Java\jdk1.8.0_72\jre\bin\management.dll
0x00000000596a0000 - 0x00000000596ba000 	C:\Program Files\Java\jdk1.8.0_72\jre\bin\net.dll
0x00007ffcf10f0000 - 0x00007ffcf114d000 	C:\WINDOWS\system32\mswsock.dll
0x00007ffce2c30000 - 0x00007ffce2c45000 	C:\WINDOWS\system32\napinsp.dll
0x00007ffce2c10000 - 0x00007ffce2c2a000 	C:\WINDOWS\system32\pnrpnsp.dll
0x00007ffced8a0000 - 0x00007ffced8b8000 	C:\WINDOWS\system32\NLAapi.dll
0x00007ffcf0e80000 - 0x00007ffcf0f28000 	C:\WINDOWS\SYSTEM32\DNSAPI.dll
0x00007ffce2be0000 - 0x00007ffce2bed000 	C:\WINDOWS\System32\winrnr.dll
0x00007ffce2bc0000 - 0x00007ffce2bd5000 	C:\WINDOWS\system32\wshbth.dll
0x00007ffce8e50000 - 0x00007ffce8e5a000 	C:\Windows\System32\rasadhlp.dll
0x00007ffcea7c0000 - 0x00007ffcea7f8000 	C:\WINDOWS\SYSTEM32\IPHLPAPI.DLL
0x00007ffcea7b0000 - 0x00007ffcea7bb000 	C:\WINDOWS\SYSTEM32\WINNSI.DLL
0x00007ffce9c30000 - 0x00007ffce9c98000 	C:\WINDOWS\System32\fwpuclnt.dll
0x00007ffcf17b0000 - 0x00007ffcf17d8000 	C:\WINDOWS\SYSTEM32\bcrypt.dll
0x0000000059680000 - 0x0000000059691000 	C:\Program Files\Java\jdk1.8.0_72\jre\bin\nio.dll
0x00007ffcf1150000 - 0x00007ffcf1167000 	C:\WINDOWS\SYSTEM32\CRYPTSP.dll
0x00007ffcf0d70000 - 0x00007ffcf0da3000 	C:\WINDOWS\system32\rsaenh.dll
0x00007ffcf1060000 - 0x00007ffcf107f000 	C:\WINDOWS\SYSTEM32\USERENV.dll
0x00007ffcf16a0000 - 0x00007ffcf170b000 	C:\WINDOWS\system32\bcryptprimitives.dll
0x00007ffcf12c0000 - 0x00007ffcf12cb000 	C:\WINDOWS\SYSTEM32\CRYPTBASE.dll
0x00007ffce9b70000 - 0x00007ffce9b86000 	C:\WINDOWS\SYSTEM32\dhcpcsvc6.DLL
0x00007ffce9a80000 - 0x00007ffce9a9a000 	C:\WINDOWS\SYSTEM32\dhcpcsvc.DLL

VM Arguments:
jvm_args: -Dfile.encoding=Cp1256 
java_command: sahl.home_automation.sahl_home_automation.SahlHomeAutomationApplication
java_class_path (initial): C:\Program Files\Java\jdk1.8.0_72\jre\lib\resources.jar;C:\Program Files\Java\jdk1.8.0_72\jre\lib\rt.jar;C:\Program Files\Java\jdk1.8.0_72\jre\lib\jsse.jar;C:\Program Files\Java\jdk1.8.0_72\jre\lib\jce.jar;C:\Program Files\Java\jdk1.8.0_72\jre\lib\charsets.jar;C:\Program Files\Java\jdk1.8.0_72\jre\lib\jfr.jar;C:\Program Files\Java\jdk1.8.0_72\jre\lib\ext\access-bridge-64.jar;C:\Program Files\Java\jdk1.8.0_72\jre\lib\ext\cldrdata.jar;C:\Program Files\Java\jdk1.8.0_72\jre\lib\ext\dnsns.jar;C:\Program Files\Java\jdk1.8.0_72\jre\lib\ext\jaccess.jar;C:\Program Files\Java\jdk1.8.0_72\jre\lib\ext\jfxrt.jar;C:\Program Files\Java\jdk1.8.0_72\jre\lib\ext\localedata.jar;C:\Program Files\Java\jdk1.8.0_72\jre\lib\ext\nashorn.jar;C:\Program Files\Java\jdk1.8.0_72\jre\lib\ext\sunec.jar;C:\Program Files\Java\jdk1.8.0_72\jre\lib\ext\sunjce_provider.jar;C:\Program Files\Java\jdk1.8.0_72\jre\lib\ext\sunmscapi.jar;C:\Program Files\Java\jdk1.8.0_72\jre\lib\ext\sunpkcs11.jar;C:\Program Files\Java\jdk1.8.0_72\jre\lib\ext\zipfs.jar;C:\Users\mashraf\git\sahl_home_automation\sahl_home_automation\bin\main;C:\Users\mashraf\.gradle\caches\modules-2\files-2.1\org.springframework.boot\spring-boot-starter-actuator\2.1.1.RELEASE\65b5ee49303dc91c140760fa2baa06be5199387\spring-boot-starter-actuator-2.1.1.RELEASE.jar;C:\Users\mashraf\.gradle\caches\modules-2\files-2.1\org.springframework.boot\spring-boot-starter-data-jpa\2.1.1.RELEASE\4ebdf1cad10e8596f778850a0fc9e8c6b9fd6dc5\spring-boot-starter-data-jpa-2.1.1.RELEASE.jar;C:\Users\mashraf\.gradle\caches\modules-2\files-2.1\org.springframework.boot\spring-boot-starter-jdbc\2.1.1.RELEASE\4574a8388a721ed62bb80cd791ef3abcba835fba\spring-boot-starter-jdbc-2.1.1.RELEASE.jar;C:\Users\mashraf\.gradle\caches\modules-2\files-2.1\org.springframework.boot\spring-boot-starter-security\2.1.1.RELEASE\10e91dae1cbc9a0643491d9e65ba0b24b4695b21\spring-boot-starter-security-2.1.1.RELEASE.jar;C:\Users\mashraf\.gradle\caches\modules-2\files-2.1\
Launcher Type: SUN_STANDARD

Environment Variables:
JAVA_HOME=C:\Program Files\Java\jdk1.8.0_72\
PATH=C:/Program Files/Java/jre1.8.0_72/bin/server;C:/Program Files/Java/jre1.8.0_72/bin;C:/Program Files/Java/jre1.8.0_72/lib/amd64;F:\setup\Python_3.7.1\Scripts\;F:\setup\Python_3.7.1\;C:\ELO Java Client\bin;C:\ProgramData\Oracle\Java\javapath;C:\WINDOWS\system32;C:\WINDOWS;C:\WINDOWS\System32\Wbem;C:\WINDOWS\System32\WindowsPowerShell\v1.0\;C:\PROGRA~2\IBM\CLIENT~1;C:\PROGRA~2\IBM\CLIENT~1\Shared;C:\PROGRA~2\IBM\CLIENT~1\Emulator;C:\Program Files (x86)\Common Files\lenovo\easyplussdk\bin;C:\Program Files\Intel\WiFi\bin\;C:\Program Files\Common Files\Intel\WirelessCommon\;C:\Program Files\Microsoft SQL Server\110\Tools\Binn\;C:\Program Files\Microsoft SQL Server\120\Tools\Binn\;C:\Program Files (x86)\Windows Kits\8.1\Windows Performance Toolkit\;C:\Program Files (x86)\Microsoft SDKs\TypeScript\1.0\;C:\adb;C:\Program Files (x86)\Java\jdk1.8.0_72\bin;C:\Program Files\PuTTY\;C:\OpenSSL-Win32\bin;C:\Program Files (x86)\STMicroelectronics\STM32 ST-LINK Utility\ST-LINK Utility;C:\Program Files\IBM\Bluemix\bin;C:\Program Files\nodejs\;C:\oc;C:\Program Files (x86)\HP\IdrsOCR_15.2.10.1114\;C:\ProgramData\chocolatey\bin;C:\Program Files\Git\cmd;C:\Program Files\Intel\WiFi\bin\;C:\Program Files\Common Files\Intel\WirelessCommon\;C:\Users\mashraf\AppData\Local\particledev\bin;C:\Users\mashraf\AppData\Local\GitHubDesktop\bin;C:\Users\mashraf\AppData\Local\particle\bin;C:\Users\mashraf\AppData\Roaming\npm;C:\Particle\Toolchain\Make\bin;C:\Particle\Toolchain\MinGW;C:\Particle\Toolchain\MinGW\msys\1.0\bin;C:\Particle\Toolchain\GCC-ARM\bin;C:\Program Files\Heroku\bin;F:\tools\2018\eclipse_oxygen_29-05-2018\eclipse;
USERNAME=mashraf
OS=Windows_NT
PROCESSOR_IDENTIFIER=Intel64 Family 6 Model 61 Stepping 4, GenuineIntel



---------------  S Y S T E M  ---------------

OS: Windows 10.0 , 64 bit Build 10240 (10.0.10240.17113)

CPU:total 4 (2 cores per cpu, 2 threads per core) family 6 model 61 stepping 4, cmov, cx8, fxsr, mmx, sse, sse2, sse3, ssse3, sse4.1, sse4.2, popcnt, avx, avx2, aes, clmul, erms, 3dnowpref, lzcnt, ht, tsc, tscinvbit, bmi1, bmi2, adx

Memory: 4k page, physical 8061180k(1403768k free), swap 9185964k(4860k free)

vm_info: Java HotSpot(TM) 64-Bit Server VM (25.72-b15) for windows-amd64 JRE (1.8.0_72-b15), built on Dec 22 2015 19:16:16 by "java_re" with MS VC++ 10.0 (VS2010)

time: Fri Dec 14 00:48:19 2018
elapsed time: 16 seconds (0d 0h 0m 16s)

